Flow report for Majority
Sun Oct 18 17:15:19 2020
Quartus II 64-Bit Version 15.0.0 Build 145 04/22/2015 SJ Web Edition


---------------------
; Table of Contents ;
---------------------
  1. Legal Notice
  2. Flow Summary
  3. Flow Settings
  4. Flow Non-Default Global Settings
  5. Flow Elapsed Time
  6. Flow OS Summary
  7. Flow Log
  8. Flow Messages
  9. Flow Suppressed Messages



----------------
; Legal Notice ;
----------------
Copyright (C) 1991-2015 Altera Corporation. All rights reserved.
Your use of Altera Corporation's design tools, logic functions 
and other software and tools, and its AMPP partner logic 
functions, and any output files from any of the foregoing 
(including device programming or simulation files), and any 
associated documentation or information are expressly subject 
to the terms and conditions of the Altera Program License 
Subscription Agreement, the Altera Quartus II License Agreement,
the Altera MegaCore Function License Agreement, or other 
applicable license agreement, including, without limitation, 
that your use is for the sole purpose of programming logic 
devices manufactured by Altera and sold by Altera or its 
authorized distributors.  Please refer to the applicable 
agreement for further details.



+------------------------------------------------------------------------------+
; Flow Summary                                                                 ;
+---------------------------------+--------------------------------------------+
; Flow Status                     ; Successful - Sun Oct 18 17:15:19 2020      ;
; Quartus II 64-Bit Version       ; 15.0.0 Build 145 04/22/2015 SJ Web Edition ;
; Revision Name                   ; Majority                                   ;
; Top-level Entity Name           ; majority                                   ;
; Family                          ; Cyclone V                                  ;
; Device                          ; 5CGXFC7C7F23C8                             ;
; Timing Models                   ; Final                                      ;
; Logic utilization (in ALMs)     ; 1 / 56,480 ( < 1 % )                       ;
; Total registers                 ; 0                                          ;
; Total pins                      ; 4 / 268 ( 1 % )                            ;
; Total virtual pins              ; 0                                          ;
; Total block memory bits         ; 0 / 7,024,640 ( 0 % )                      ;
; Total DSP Blocks                ; 0 / 156 ( 0 % )                            ;
; Total HSSI RX PCSs              ; 0 / 6 ( 0 % )                              ;
; Total HSSI PMA RX Deserializers ; 0 / 6 ( 0 % )                              ;
; Total HSSI TX PCSs              ; 0 / 6 ( 0 % )                              ;
; Total HSSI PMA TX Serializers   ; 0 / 6 ( 0 % )                              ;
; Total PLLs                      ; 0 / 13 ( 0 % )                             ;
; Total DLLs                      ; 0 / 4 ( 0 % )                              ;
+---------------------------------+--------------------------------------------+


+-----------------------------------------+
; Flow Settings                           ;
+-------------------+---------------------+
; Option            ; Setting             ;
+-------------------+---------------------+
; Start date & time ; 10/18/2020 17:10:50 ;
; Main task         ; Compilation         ;
; Revision Name     ; Majority            ;
+-------------------+---------------------+


+-------------------------------------------------------------------------------------------------------------+
; Flow Non-Default Global Settings                                                                            ;
+-------------------------------------+------------------------+---------------+-------------+----------------+
; Assignment Name                     ; Value                  ; Default Value ; Entity Name ; Section Id     ;
+-------------------------------------+------------------------+---------------+-------------+----------------+
; COMPILER_SIGNATURE_ID               ; 0.160305185010237      ; --            ; --          ; --             ;
; EDA_OUTPUT_DATA_FORMAT              ; Vhdl                   ; --            ; --          ; eda_simulation ;
; EDA_SIMULATION_TOOL                 ; ModelSim-Altera (VHDL) ; <None>        ; --          ; --             ;
; MAX_CORE_JUNCTION_TEMP              ; 85                     ; --            ; --          ; --             ;
; MIN_CORE_JUNCTION_TEMP              ; 0                      ; --            ; --          ; --             ;
; PARTITION_COLOR                     ; 16764057               ; --            ; --          ; Top            ;
; PARTITION_FITTER_PRESERVATION_LEVEL ; PLACEMENT_AND_ROUTING  ; --            ; --          ; Top            ;
; PARTITION_NETLIST_TYPE              ; SOURCE                 ; --            ; --          ; Top            ;
; PROJECT_OUTPUT_DIRECTORY            ; output_files           ; --            ; --          ; --             ;
+-------------------------------------+------------------------+---------------+-------------+----------------+


+-------------------------------------------------------------------------------------------------------------------------------+
; Flow Elapsed Time                                                                                                             ;
+---------------------------+--------------+-------------------------+---------------------+------------------------------------+
; Module Name               ; Elapsed Time ; Average Processors Used ; Peak Virtual Memory ; Total CPU Time (on all processors) ;
+---------------------------+--------------+-------------------------+---------------------+------------------------------------+
; Analysis & Synthesis      ; 00:01:04     ; 1.0                     ; 1193 MB             ; 00:00:45                           ;
; Fitter                    ; 00:02:16     ; 1.0                     ; 2078 MB             ; 00:01:21                           ;
; Assembler                 ; 00:00:20     ; 1.0                     ; 1088 MB             ; 00:00:17                           ;
; TimeQuest Timing Analyzer ; 00:00:11     ; 1.0                     ; 1325 MB             ; 00:00:09                           ;
; EDA Netlist Writer        ; 00:00:02     ; 1.0                     ; 1283 MB             ; 00:00:02                           ;
; Total                     ; 00:03:53     ; --                      ; --                  ; 00:02:34                           ;
+---------------------------+--------------+-------------------------+---------------------+------------------------------------+


+---------------------------------------------------------------------------------------------+
; Flow OS Summary                                                                             ;
+---------------------------+------------------+--------------+--------------+----------------+
; Module Name               ; Machine Hostname ; OS Name      ; OS Version   ; Processor type ;
+---------------------------+------------------+--------------+--------------+----------------+
; Analysis & Synthesis      ; labsdg15         ; CentOS Linux ; CentOS Linux ; x86_64         ;
; Fitter                    ; labsdg15         ; CentOS Linux ; CentOS Linux ; x86_64         ;
; Assembler                 ; labsdg15         ; CentOS Linux ; CentOS Linux ; x86_64         ;
; TimeQuest Timing Analyzer ; labsdg15         ; CentOS Linux ; CentOS Linux ; x86_64         ;
; EDA Netlist Writer        ; labsdg15         ; CentOS Linux ; CentOS Linux ; x86_64         ;
+---------------------------+------------------+--------------+--------------+----------------+


------------
; Flow Log ;
------------
quartus_map --read_settings_files=on --write_settings_files=off Majority -c Majority
quartus_fit --read_settings_files=off --write_settings_files=off Majority -c Majority
quartus_asm --read_settings_files=off --write_settings_files=off Majority -c Majority
quartus_sta Majority -c Majority
quartus_eda --read_settings_files=off --write_settings_files=off Majority -c Majority



