Flow report for ProjetoV5
Mon Nov  9 13:10:44 2020
Quartus II 32-bit Version 13.0.1 Build 232 06/12/2013 Service Pack 1 SJ Web Edition


---------------------
; Table of Contents ;
---------------------
  1. Legal Notice
  2. Flow Summary
  3. Flow Settings
  4. Flow Non-Default Global Settings
  5. Flow Elapsed Time
  6. Flow OS Summary
  7. Flow Log
  8. Flow Messages
  9. Flow Suppressed Messages



----------------
; Legal Notice ;
----------------
Copyright (C) 1991-2013 Altera Corporation
Your use of Altera Corporation's design tools, logic functions 
and other software and tools, and its AMPP partner logic 
functions, and any output files from any of the foregoing 
(including device programming or simulation files), and any 
associated documentation or information are expressly subject 
to the terms and conditions of the Altera Program License 
Subscription Agreement, Altera MegaCore Function License 
Agreement, or other applicable license agreement, including, 
without limitation, that your use is for the sole purpose of 
programming logic devices manufactured by Altera and sold by 
Altera or its authorized distributors.  Please refer to the 
applicable agreement for further details.



+--------------------------------------------------------------------------------------+
; Flow Summary                                                                         ;
+------------------------------------+-------------------------------------------------+
; Flow Status                        ; Successful - Mon Nov  9 13:10:44 2020           ;
; Quartus II 32-bit Version          ; 13.0.1 Build 232 06/12/2013 SP 1 SJ Web Edition ;
; Revision Name                      ; ProjetoV5                                       ;
; Top-level Entity Name              ; ProjetoV5_apartadoC                             ;
; Family                             ; Cyclone IV GX                                   ;
; Total logic elements               ; 8 / 14,400 ( < 1 % )                            ;
;     Total combinational functions  ; 8 / 14,400 ( < 1 % )                            ;
;     Dedicated logic registers      ; 0 / 14,400 ( 0 % )                              ;
; Total registers                    ; 0                                               ;
; Total pins                         ; 18 / 81 ( 22 % )                                ;
; Total virtual pins                 ; 0                                               ;
; Total memory bits                  ; 0 / 552,960 ( 0 % )                             ;
; Embedded Multiplier 9-bit elements ; 0                                               ;
; Total GXB Receiver Channel PCS     ; 0 / 2 ( 0 % )                                   ;
; Total GXB Receiver Channel PMA     ; 0 / 2 ( 0 % )                                   ;
; Total GXB Transmitter Channel PCS  ; 0 / 2 ( 0 % )                                   ;
; Total GXB Transmitter Channel PMA  ; 0 / 2 ( 0 % )                                   ;
; Total PLLs                         ; 0 / 3 ( 0 % )                                   ;
; Device                             ; EP4CGX15BF14C6                                  ;
; Timing Models                      ; Final                                           ;
+------------------------------------+-------------------------------------------------+


+-----------------------------------------+
; Flow Settings                           ;
+-------------------+---------------------+
; Option            ; Setting             ;
+-------------------+---------------------+
; Start date & time ; 11/09/2020 13:10:12 ;
; Main task         ; Compilation         ;
; Revision Name     ; ProjetoV5           ;
+-------------------+---------------------+


+---------------------------------------------------------------------------------------------------------------------+
; Flow Non-Default Global Settings                                                                                    ;
+-------------------------------------+------------------------+---------------+---------------------+----------------+
; Assignment Name                     ; Value                  ; Default Value ; Entity Name         ; Section Id     ;
+-------------------------------------+------------------------+---------------+---------------------+----------------+
; COMPILER_SIGNATURE_ID               ; 0.160493821201769      ; --            ; --                  ; --             ;
; EDA_OUTPUT_DATA_FORMAT              ; Vhdl                   ; --            ; --                  ; eda_simulation ;
; EDA_SIMULATION_TOOL                 ; ModelSim-Altera (VHDL) ; <None>        ; --                  ; --             ;
; PARTITION_COLOR                     ; 16764057               ; --            ; ProjetoV5_apartadoC ; Top            ;
; PARTITION_FITTER_PRESERVATION_LEVEL ; PLACEMENT_AND_ROUTING  ; --            ; ProjetoV5_apartadoC ; Top            ;
; PARTITION_NETLIST_TYPE              ; SOURCE                 ; --            ; ProjetoV5_apartadoC ; Top            ;
; PROJECT_OUTPUT_DIRECTORY            ; output_files           ; --            ; --                  ; --             ;
; TOP_LEVEL_ENTITY                    ; ProjetoV5_apartadoC    ; ProjetoV5     ; --                  ; --             ;
+-------------------------------------+------------------------+---------------+---------------------+----------------+


+-------------------------------------------------------------------------------------------------------------------------------+
; Flow Elapsed Time                                                                                                             ;
+---------------------------+--------------+-------------------------+---------------------+------------------------------------+
; Module Name               ; Elapsed Time ; Average Processors Used ; Peak Virtual Memory ; Total CPU Time (on all processors) ;
+---------------------------+--------------+-------------------------+---------------------+------------------------------------+
; Analysis & Synthesis      ; 00:00:02     ; 1.0                     ; 380 MB              ; 00:00:02                           ;
; Fitter                    ; 00:00:10     ; 1.0                     ; 632 MB              ; 00:00:11                           ;
; Assembler                 ; 00:00:02     ; 1.0                     ; 358 MB              ; 00:00:02                           ;
; TimeQuest Timing Analyzer ; 00:00:04     ; 1.0                     ; 381 MB              ; 00:00:03                           ;
; EDA Netlist Writer        ; 00:00:01     ; 1.0                     ; 334 MB              ; 00:00:01                           ;
; Total                     ; 00:00:19     ; --                      ; --                  ; 00:00:19                           ;
+---------------------------+--------------+-------------------------+---------------------+------------------------------------+


+---------------------------------------------------------------------------------------------+
; Flow OS Summary                                                                             ;
+---------------------------+------------------+--------------+--------------+----------------+
; Module Name               ; Machine Hostname ; OS Name      ; OS Version   ; Processor type ;
+---------------------------+------------------+--------------+--------------+----------------+
; Analysis & Synthesis      ; labsdg15         ; CentOS Linux ; CentOS Linux ; x86_64         ;
; Fitter                    ; labsdg15         ; CentOS Linux ; CentOS Linux ; x86_64         ;
; Assembler                 ; labsdg15         ; CentOS Linux ; CentOS Linux ; x86_64         ;
; TimeQuest Timing Analyzer ; labsdg15         ; CentOS Linux ; CentOS Linux ; x86_64         ;
; EDA Netlist Writer        ; labsdg15         ; CentOS Linux ; CentOS Linux ; x86_64         ;
+---------------------------+------------------+--------------+--------------+----------------+


------------
; Flow Log ;
------------
quartus_map --read_settings_files=on --write_settings_files=off ProjetoV5 -c ProjetoV5
quartus_fit --read_settings_files=off --write_settings_files=off ProjetoV5 -c ProjetoV5
quartus_asm --read_settings_files=off --write_settings_files=off ProjetoV5 -c ProjetoV5
quartus_sta ProjetoV5 -c ProjetoV5
quartus_eda --read_settings_files=off --write_settings_files=off ProjetoV5 -c ProjetoV5



